Could not open input file: /var/html/www/larabbs/artisan
Could not open input file: /var/html/www/larabbs/artisan
Could not open input file: /var/html/www/larabbs/artisan
Could not open input file: /var/html/www/larabbs/artisan
Could not open input file: /var/html/www/larabbs/artisan
Could not open input file: /var/html/www/larabbs/artisan
Could not open input file: /var/html/www/larabbs/artisan
Could not open input file: /var/html/www/larabbs/artisan
Could not open input file: /var/html/www/larabbs/artisan
Could not open input file: /var/html/www/larabbs/artisan
Could not open input file: /var/html/www/larabbs/artisan
Could not open input file: /var/html/www/larabbs/artisan
Could not open input file: /var/html/www/larabbs/artisan
Could not open input file: /var/html/www/larabbs/artisan
Could not open input file: /var/html/www/larabbs/artisan
Could not open input file: /var/html/www/larabbs/artisan
Could not open input file: /var/html/www/larabbs/artisan
Could not open input file: /var/html/www/larabbs/artisan
Could not open input file: /var/html/www/larabbs/artisan
Could not open input file: /var/html/www/larabbs/artisan
supervisor: couldn't chdir to /var/html/www/larabbs: ENOENT
supervisor: child process was not spawned
supervisor: couldn't chdir to /var/html/www/larabbs: ENOENT
supervisor: child process was not spawned
supervisor: couldn't chdir to /var/html/www/larabbs: ENOENT
supervisor: child process was not spawned
supervisor: couldn't chdir to /var/html/www/larabbs: ENOENT
supervisor: child process was not spawned
supervisor: couldn't chdir to /var/html/www/larabbs: ENOENT
supervisor: child process was not spawned
supervisor: couldn't chdir to /var/html/www/larabbs: ENOENT
supervisor: child process was not spawned
supervisor: couldn't chdir to /var/html/www/larabbs: ENOENT
supervisor: child process was not spawned
supervisor: couldn't chdir to /var/html/www/larabbs: ENOENT
supervisor: child process was not spawned
supervisor: couldn't chdir to /var/html/www/larabbs: ENOENT
supervisor: child process was not spawned
supervisor: couldn't chdir to /var/html/www/larabbs: ENOENT
supervisor: child process was not spawned
supervisor: couldn't chdir to /var/html/www/larabbs: ENOENT
supervisor: child process was not spawned
supervisor: couldn't chdir to /var/html/www/larabbs: ENOENT
supervisor: child process was not spawned
supervisor: couldn't chdir to /var/html/www/larabbs: ENOENT
supervisor: child process was not spawned
supervisor: couldn't chdir to /var/html/www/larabbs: ENOENT
supervisor: child process was not spawned
supervisor: couldn't chdir to /var/html/www/larabbs: ENOENT
supervisor: child process was not spawned
supervisor: couldn't chdir to /var/html/www/larabbs: ENOENT
supervisor: child process was not spawned
supervisor: couldn't chdir to /var/html/www/larabbs: ENOENT
supervisor: child process was not spawned
supervisor: couldn't chdir to /var/html/www/larabbs: ENOENT
supervisor: child process was not spawned
supervisor: couldn't chdir to /var/html/www/larabbs: ENOENT
supervisor: child process was not spawned
supervisor: couldn't chdir to /var/html/www/larabbs: ENOENT
supervisor: child process was not spawned
supervisor: couldn't chdir to /var/html/www/larabbs: ENOENT
supervisor: child process was not spawned
supervisor: couldn't chdir to /var/html/www/larabbs: ENOENT
supervisor: child process was not spawned
supervisor: couldn't chdir to /var/html/www/larabbs: ENOENT
supervisor: child process was not spawned
supervisor: couldn't chdir to /var/html/www/larabbs: ENOENT
supervisor: child process was not spawned
supervisor: couldn't chdir to /var/html/www/larabbs: ENOENT
supervisor: child process was not spawned
supervisor: couldn't chdir to /var/html/www/larabbs: ENOENT
supervisor: child process was not spawned
supervisor: couldn't chdir to /var/html/www/larabbs: ENOENT
supervisor: child process was not spawned
supervisor: couldn't chdir to /var/html/www/larabbs: ENOENT
supervisor: child process was not spawned
supervisor: couldn't chdir to /var/html/www/larabbs: ENOENT
supervisor: child process was not spawned
supervisor: couldn't chdir to /var/html/www/larabbs: ENOENT
supervisor: child process was not spawned
supervisor: couldn't chdir to /var/html/www/larabbs: ENOENT
supervisor: child process was not spawned
supervisor: couldn't chdir to /var/html/www/larabbs: ENOENT
supervisor: child process was not spawned
supervisor: couldn't chdir to /var/html/www/larabbs: ENOENT
supervisor: child process was not spawned
supervisor: couldn't chdir to /var/html/www/larabbs: ENOENT
supervisor: child process was not spawned
supervisor: couldn't chdir to /var/html/www/larabbs: ENOENT
supervisor: child process was not spawned
supervisor: couldn't chdir to /var/html/www/larabbs: ENOENT
supervisor: child process was not spawned
supervisor: couldn't chdir to /var/html/www/larabbs: ENOENT
supervisor: child process was not spawned
supervisor: couldn't chdir to /var/html/www/larabbs: ENOENT
supervisor: child process was not spawned
supervisor: couldn't chdir to /var/html/www/larabbs: ENOENT
supervisor: child process was not spawned
supervisor: couldn't chdir to /var/html/www/larabbs: ENOENT
supervisor: child process was not spawned
Horizon started successfully.
Horizon started successfully.
Horizon started successfully.
Horizon started successfully.
Horizon started successfully.
Horizon started successfully.
[2019-11-19 14:21:48][7] Processing: App\Jobs\TranslateSlug
[2019-11-19 14:21:48][7] Processed:  App\Jobs\TranslateSlug
Horizon started successfully.
Horizon started successfully.
[2019-11-19 14:27:30][8] Processing: App\Jobs\TranslateSlug
[2019-11-19 14:27:30][8] Processed:  App\Jobs\TranslateSlug
Horizon started successfully.
Horizon started successfully.
Horizon started successfully.
Horizon started successfully.
Horizon started successfully.
Horizon started successfully.
Horizon started successfully.
Horizon started successfully.
[2019-11-21 18:15:05][9] Processing: App\Jobs\TranslateSlug
[2019-11-21 18:15:05][9] Processed:  App\Jobs\TranslateSlug
[2019-11-22 22:53:53][10] Processing: App\Jobs\TranslateSlug
[2019-11-22 22:53:53][10] Processing: App\Jobs\TranslateSlug
[2019-11-22 22:53:53][10] Processing: App\Jobs\TranslateSlug
[2019-11-22 22:53:53][10] Failed:     App\Jobs\TranslateSlug
[2019-11-22 22:54:38][11] Processing: App\Jobs\TranslateSlug
[2019-11-22 22:54:38][11] Processing: App\Jobs\TranslateSlug
[2019-11-22 22:54:38][11] Processing: App\Jobs\TranslateSlug
[2019-11-22 22:54:38][11] Failed:     App\Jobs\TranslateSlug
[2019-11-22 22:55:32][12] Processing: App\Jobs\TranslateSlug
[2019-11-22 22:55:32][12] Processing: App\Jobs\TranslateSlug
[2019-11-22 22:55:32][12] Processing: App\Jobs\TranslateSlug
[2019-11-22 22:55:32][12] Failed:     App\Jobs\TranslateSlug
[2019-11-22 22:56:44][13] Processing: App\Jobs\TranslateSlug
[2019-11-22 22:56:44][13] Processing: App\Jobs\TranslateSlug
[2019-11-22 22:56:44][13] Processing: App\Jobs\TranslateSlug
[2019-11-22 22:56:44][13] Failed:     App\Jobs\TranslateSlug
[2019-11-22 22:59:32][14] Processing: App\Jobs\TranslateSlug
[2019-11-22 22:59:32][14] Processing: App\Jobs\TranslateSlug
[2019-11-22 22:59:32][14] Processing: App\Jobs\TranslateSlug
[2019-11-22 22:59:32][14] Failed:     App\Jobs\TranslateSlug
[2019-11-22 23:00:11][15] Processing: App\Jobs\TranslateSlug
[2019-11-22 23:00:12][15] Processing: App\Jobs\TranslateSlug
[2019-11-22 23:00:12][15] Processing: App\Jobs\TranslateSlug
[2019-11-22 23:00:12][15] Failed:     App\Jobs\TranslateSlug
[2019-11-22 23:02:11][16] Processing: App\Jobs\TranslateSlug
[2019-11-22 23:02:11][16] Processing: App\Jobs\TranslateSlug
[2019-11-22 23:02:11][16] Processing: App\Jobs\TranslateSlug
[2019-11-22 23:02:11][16] Failed:     App\Jobs\TranslateSlug
[2019-11-22 23:02:29][17] Processing: App\Jobs\TranslateSlug
[2019-11-22 23:02:29][17] Processing: App\Jobs\TranslateSlug
[2019-11-22 23:02:29][17] Failed:     App\Jobs\TranslateSlug
[2019-11-22 23:02:29][17] Processing: App\Jobs\TranslateSlug
[2019-11-22 23:04:59][18] Processing: App\Jobs\TranslateSlug
[2019-11-22 23:04:59][18] Processing: App\Jobs\TranslateSlug
[2019-11-22 23:04:59][18] Processing: App\Jobs\TranslateSlug
[2019-11-22 23:04:59][18] Failed:     App\Jobs\TranslateSlug
[2019-11-22 23:07:13][19] Processing: App\Jobs\TranslateSlug
[2019-11-22 23:07:13][19] Processing: App\Jobs\TranslateSlug
[2019-11-22 23:07:13][19] Processing: App\Jobs\TranslateSlug
[2019-11-22 23:07:13][19] Failed:     App\Jobs\TranslateSlug
[2019-11-23 21:48:02][20] Processing: App\Jobs\TranslateSlug
[2019-11-23 21:48:02][20] Processing: App\Jobs\TranslateSlug
[2019-11-23 21:48:02][20] Processing: App\Jobs\TranslateSlug
[2019-11-23 21:48:02][20] Failed:     App\Jobs\TranslateSlug
[2019-11-23 21:48:17][21] Processing: App\Jobs\TranslateSlug
[2019-11-23 21:48:17][21] Processing: App\Jobs\TranslateSlug
[2019-11-23 21:48:17][21] Processing: App\Jobs\TranslateSlug
[2019-11-23 21:48:17][21] Failed:     App\Jobs\TranslateSlug
[2019-11-23 21:48:32][22] Processing: App\Jobs\TranslateSlug
[2019-11-23 21:48:32][22] Processing: App\Jobs\TranslateSlug
[2019-11-23 21:48:32][22] Processing: App\Jobs\TranslateSlug
[2019-11-23 21:48:32][22] Failed:     App\Jobs\TranslateSlug
[2019-11-23 21:51:11][23] Processing: App\Jobs\TranslateSlug
[2019-11-23 21:51:11][23] Processing: App\Jobs\TranslateSlug
[2019-11-23 21:51:11][23] Processing: App\Jobs\TranslateSlug
[2019-11-23 21:51:11][23] Failed:     App\Jobs\TranslateSlug
[2019-11-23 22:18:25][24] Processing: App\Jobs\TranslateSlug
[2019-11-23 22:18:26][24] Processing: App\Jobs\TranslateSlug
[2019-11-23 22:18:26][24] Processing: App\Jobs\TranslateSlug
[2019-11-23 22:18:26][24] Failed:     App\Jobs\TranslateSlug
[2019-11-23 22:19:56][25] Processing: App\Jobs\TranslateSlug
[2019-11-23 22:19:56][25] Failed:     App\Jobs\TranslateSlug
[2019-11-23 22:20:41][26] Processing: App\Jobs\TranslateSlug
[2019-11-23 22:20:41][26] Processing: App\Jobs\TranslateSlug
[2019-11-23 22:20:41][26] Processing: App\Jobs\TranslateSlug
[2019-11-23 22:20:41][26] Failed:     App\Jobs\TranslateSlug
[2019-11-23 22:23:23][27] Processing: App\Jobs\TranslateSlug
[2019-11-23 22:23:23][27] Processed:  App\Jobs\TranslateSlug
[2019-11-23 22:24:11][28] Processing: App\Jobs\TranslateSlug
[2019-11-23 22:24:11][28] Processing: App\Jobs\TranslateSlug
[2019-11-23 22:24:11][28] Processing: App\Jobs\TranslateSlug
[2019-11-23 22:24:11][28] Failed:     App\Jobs\TranslateSlug
[2019-11-23 22:27:17][29] Processing: App\Jobs\TranslateSlug
[2019-11-23 22:27:17][29] Processed:  App\Jobs\TranslateSlug
[2019-11-23 22:31:44][30] Processing: App\Jobs\TranslateSlug
[2019-11-23 22:31:44][30] Processing: App\Jobs\TranslateSlug
[2019-11-23 22:31:44][30] Processing: App\Jobs\TranslateSlug
[2019-11-23 22:31:44][30] Failed:     App\Jobs\TranslateSlug
[2019-11-23 22:36:08][31] Processing: App\Jobs\TranslateSlug
[2019-11-23 22:36:08][31] Processing: App\Jobs\TranslateSlug
[2019-11-23 22:36:08][31] Processing: App\Jobs\TranslateSlug
[2019-11-23 22:36:08][31] Failed:     App\Jobs\TranslateSlug
[2019-11-23 22:47:49][32] Processing: App\Jobs\TranslateSlug
[2019-11-23 22:47:49][32] Processed:  App\Jobs\TranslateSlug
[2019-11-23 22:50:28][33] Processing: App\Jobs\TranslateSlug
[2019-11-23 22:50:28][33] Processing: App\Jobs\TranslateSlug
[2019-11-23 22:50:28][33] Processing: App\Jobs\TranslateSlug
[2019-11-23 22:50:28][33] Failed:     App\Jobs\TranslateSlug
[2019-11-23 23:14:09][34] Processing: App\Jobs\TranslateSlug
[2019-11-23 23:14:09][34] Processing: App\Jobs\TranslateSlug
[2019-11-23 23:14:09][34] Processing: App\Jobs\TranslateSlug
[2019-11-23 23:14:09][34] Failed:     App\Jobs\TranslateSlug
[2019-11-23 23:19:45][35] Processing: App\Jobs\TranslateSlug
[2019-11-23 23:19:45][35] Processing: App\Jobs\TranslateSlug
[2019-11-23 23:19:45][35] Processing: App\Jobs\TranslateSlug
[2019-11-23 23:19:45][35] Failed:     App\Jobs\TranslateSlug
Horizon started successfully.
[2019-11-24 08:45:11][36] Processing: App\Jobs\TranslateSlug
[2019-11-24 08:45:11][36] Processing: App\Jobs\TranslateSlug
[2019-11-24 08:45:11][36] Processing: App\Jobs\TranslateSlug
[2019-11-24 08:45:11][36] Failed:     App\Jobs\TranslateSlug
Horizon started successfully.
[2019-11-24 08:47:46][37] Processing: App\Jobs\TranslateSlug
[2019-11-24 08:47:47][37] Processed:  App\Jobs\TranslateSlug
[2019-11-24 08:49:04][38] Processing: App\Jobs\TranslateSlug
[2019-11-24 08:49:05][38] Failed:     App\Jobs\TranslateSlug
[2019-11-24 08:49:10][39] Processing: App\Jobs\TranslateSlug
[2019-11-24 08:49:11][39] Failed:     App\Jobs\TranslateSlug
[2019-11-24 08:49:26][40] Processing: App\Jobs\TranslateSlug
[2019-11-24 08:49:26][40] Failed:     App\Jobs\TranslateSlug
[2019-11-24 08:49:29][41] Processing: App\Jobs\TranslateSlug
[2019-11-24 08:49:29][41] Failed:     App\Jobs\TranslateSlug
[2019-11-24 08:50:17][42] Processing: App\Jobs\TranslateSlug
[2019-11-24 08:50:17][42] Failed:     App\Jobs\TranslateSlug
[2019-11-24 08:51:08][43] Processing: App\Jobs\TranslateSlug
[2019-11-24 08:51:08][43] Processed:  App\Jobs\TranslateSlug
[2019-11-24 09:01:08][44] Processing: App\Notifications\TopicReplied
[2019-11-24 09:01:08][44] Processed:  App\Notifications\TopicReplied
[2019-11-24 09:01:08][45] Processing: App\Notifications\TopicReplied
[2019-11-24 09:01:09][45] Processed:  App\Notifications\TopicReplied
[2019-11-24 09:10:51][47] Processing: App\Notifications\TopicReplied
[2019-11-24 09:10:51][47] Processing: App\Notifications\TopicReplied
[2019-11-24 09:10:51][46] Processing: App\Notifications\TopicReplied
[2019-11-24 09:10:51][46] Failed:     App\Notifications\TopicReplied
[2019-11-24 09:10:51][46] Processing: App\Notifications\TopicReplied
[2019-11-24 09:10:51][46] Processing: App\Notifications\TopicReplied
[2019-11-24 09:10:51][47] Processing: App\Notifications\TopicReplied
[2019-11-24 09:10:51][47] Failed:     App\Notifications\TopicReplied
[2019-11-24 09:12:25][49] Processing: App\Notifications\TopicReplied
[2019-11-24 09:12:25][49] Processed:  App\Notifications\TopicReplied
[2019-11-24 09:12:25][48] Processing: App\Notifications\TopicReplied
[2019-11-24 09:12:25][48] Processing: App\Notifications\TopicReplied
[2019-11-24 09:12:25][48] Processing: App\Notifications\TopicReplied
[2019-11-24 09:12:25][48] Failed:     App\Notifications\TopicReplied
[2019-11-24 09:12:43][50] Processing: App\Notifications\TopicReplied
[2019-11-24 09:12:43][50] Processed:  App\Notifications\TopicReplied
[2019-11-24 09:12:43][51] Processing: App\Notifications\TopicReplied
[2019-11-24 09:12:43][51] Processed:  App\Notifications\TopicReplied
